<?xml version="1.0" encoding="UTF-8"?>
<testng-results skipped="0" failed="0" total="1" passed="1">
  <reporter-output>
  </reporter-output>
  <suite name="Default suite" duration-ms="2156" started-at="2015-10-16T16:37:00Z" finished-at="2015-10-16T16:37:02Z">
    <groups>
    </groups>
    <test name="Default test" duration-ms="2156" started-at="2015-10-16T16:37:00Z" finished-at="2015-10-16T16:37:02Z">
      <class name="cn.com.karl.exercise.crawler.service.impl.BaiduApkIdResolverTest">
        <test-method status="PASS" signature="resolverCPId()[pri:0, instance:cn.com.karl.exercise.crawler.service.impl.BaiduApkIdResolverTest@7f560810]" name="resolverCPId" duration-ms="2122" started-at="2015-10-17T00:37:00Z" finished-at="2015-10-17T00:37:02Z">
          <reporter-output>
          </reporter-output>
        </test-method> <!-- resolverCPId -->
      </class> <!-- cn.com.karl.exercise.crawler.service.impl.BaiduApkIdResolverTest -->
    </test> <!-- Default test -->
  </suite> <!-- Default suite -->
</testng-results>
